<?xml version="1.0" encoding="UTF-8"?>
<!-- Generated by org.testng.reporters.JUnitReportReporter -->
<testsuite skipped="0" hostname="Ankits-MBP" name="com.douglas.testCases.TC01LoginTest" tests="1" failures="0" timestamp="2020-10-21T23:04:51 CEST" time="10.118" errors="0">
  <testcase name="ValidloginTest" time="10.118" classname="com.douglas.testCases.TC01LoginTest"/>
  <system-out/>
</testsuite> <!-- com.douglas.testCases.TC01LoginTest -->
